{"type":"server-started","port":58612,"host":"127.0.0.1","url_host":"localhost","url":"http://localhost:58612","screen_dir":"/Users/michalkobylinski/Library/Mobile Documents/com~apple~CloudDocs/Projekty AI/Mieszkanie - Torrevieja/nobooking-landing/.superpowers/brainstorm/1789-1778067958/content","state_dir":"/Users/michalkobylinski/Library/Mobile Documents/com~apple~CloudDocs/Projekty AI/Mieszkanie - Torrevieja/nobooking-landing/.superpowers/brainstorm/1789-1778067958/state"}
{"type":"screen-added","file":"/Users/michalkobylinski/Library/Mobile Documents/com~apple~CloudDocs/Projekty AI/Mieszkanie - Torrevieja/nobooking-landing/.superpowers/brainstorm/1789-1778067958/content/visual-style.html"}
{"type":"screen-updated","file":"/Users/michalkobylinski/Library/Mobile Documents/com~apple~CloudDocs/Projekty AI/Mieszkanie - Torrevieja/nobooking-landing/.superpowers/brainstorm/1789-1778067958/content/visual-style.html"}
{"type":"screen-updated","file":"/Users/michalkobylinski/Library/Mobile Documents/com~apple~CloudDocs/Projekty AI/Mieszkanie - Torrevieja/nobooking-landing/.superpowers/brainstorm/1789-1778067958/content/visual-style.html"}
{"type":"screen-updated","file":"/Users/michalkobylinski/Library/Mobile Documents/com~apple~CloudDocs/Projekty AI/Mieszkanie - Torrevieja/nobooking-landing/.superpowers/brainstorm/1789-1778067958/content/visual-style.html"}
{"source":"user-event","type":"click","text":"Nobooking\n      \n      Twoja strona.Twoje pieniądze.\n      Koniec z prowizją dla pośredników.Zarabiaj więcej na każdej rezerwacji.\n      \n        Zacznij za 799 zł →\n      \n      \n        17%\n        prowizjiBooking.comtraciłeś co rok\n        \n        0%\n        prowizjiz Nobookingzarabiasz więcej\n      \n    \n    \n      B — Bold & Typographic\n      Białe tło, mega gruba typografia, czarno-biały kontrast. Klimat jak Stripe, Lemon Squeezy. Bezpośredni, sprzedażowy, bez owijania w bawełnę.","choice":"bold-light","id":null,"timestamp":1778068016921}
{"source":"user-event","type":"click","text":"NOBOOKING\n      \n      Przestań płacićBooking.com 17%\n      Twoja własna strona rezerwacji.Gotowa w 7 dni.\n      \n        Zamów teraz\n        Zobacz demo\n      \n      \n        \n          17%\n          tracona prowizja\n        \n        \n          7 dni\n          czas realizacji\n        \n        \n          2 lata\n          bez opłat\n        \n      \n    \n    \n      A — Premium Dark\n      Ciemne tło, neonowe akcenty, duże liczby. Klimat jak Linear, Vercel, Raycast. Nowoczesny tech SaaS — budzi zaufanie wśród przedsiębiorców.","choice":"bold-dark","id":null,"timestamp":1778068026435}
{"source":"user-event","type":"click","text":"Nobooking\n      \n      Twoja strona.Twoje pieniądze.\n      Koniec z prowizją dla pośredników.Zarabiaj więcej na każdej rezerwacji.\n      \n        Zacznij za 799 zł →\n      \n      \n        17%\n        prowizjiBooking.comtraciłeś co rok\n        \n        0%\n        prowizjiz Nobookingzarabiasz więcej\n      \n    \n    \n      B — Bold & Typographic\n      Białe tło, mega gruba typografia, czarno-biały kontrast. Klimat jak Stripe, Lemon Squeezy. Bezpośredni, sprzedażowy, bez owijania w bawełnę.","choice":"bold-light","id":null,"timestamp":1778068042151}
{"type":"screen-added","file":"/Users/michalkobylinski/Library/Mobile Documents/com~apple~CloudDocs/Projekty AI/Mieszkanie - Torrevieja/nobooking-landing/.superpowers/brainstorm/1789-1778067958/content/hero-layout.html"}
{"type":"screen-updated","file":"/Users/michalkobylinski/Library/Mobile Documents/com~apple~CloudDocs/Projekty AI/Mieszkanie - Torrevieja/nobooking-landing/.superpowers/brainstorm/1789-1778067958/content/hero-layout.html"}
{"type":"screen-updated","file":"/Users/michalkobylinski/Library/Mobile Documents/com~apple~CloudDocs/Projekty AI/Mieszkanie - Torrevieja/nobooking-landing/.superpowers/brainstorm/1789-1778067958/content/hero-layout.html"}
{"type":"screen-updated","file":"/Users/michalkobylinski/Library/Mobile Documents/com~apple~CloudDocs/Projekty AI/Mieszkanie - Torrevieja/nobooking-landing/.superpowers/brainstorm/1789-1778067958/content/hero-layout.html"}
{"type":"screen-updated","file":"/Users/michalkobylinski/Library/Mobile Documents/com~apple~CloudDocs/Projekty AI/Mieszkanie - Torrevieja/nobooking-landing/.superpowers/brainstorm/1789-1778067958/content/hero-layout.html"}
{"source":"user-event","type":"click","text":"⚠️ Tracisz 17% każdej rezerwacji\n        Twoja strona.Twojepieniądze.\n        Gotowa strona rezerwacjiw 7 dni. Od 799 zł.\n        Zacznij teraz →\n      \n      \n        \n          \n          \n          \n          \n        \n        \n          \n          📅 Zarezerwuj\n          \n            Check-in\n            Check-out\n          \n          \n          \n        \n      \n    \n    \n      B — Lewy tekst + mockup produktu\n      Tekst po lewej, mini-mockup strony rezerwacji po prawej. Pokazuje produkt od razu — odwiedzający widzi co dostanie. Popularne w SaaS B2B.","choice":"left-with-visual","id":null,"timestamp":1778068378320}
{"type":"screen-added","file":"/Users/michalkobylinski/Library/Mobile Documents/com~apple~CloudDocs/Projekty AI/Mieszkanie - Torrevieja/nobooking-landing/.superpowers/brainstorm/1789-1778067958/content/font-choice.html"}
{"type":"screen-updated","file":"/Users/michalkobylinski/Library/Mobile Documents/com~apple~CloudDocs/Projekty AI/Mieszkanie - Torrevieja/nobooking-landing/.superpowers/brainstorm/1789-1778067958/content/font-choice.html"}
{"type":"screen-updated","file":"/Users/michalkobylinski/Library/Mobile Documents/com~apple~CloudDocs/Projekty AI/Mieszkanie - Torrevieja/nobooking-landing/.superpowers/brainstorm/1789-1778067958/content/font-choice.html"}
{"type":"screen-updated","file":"/Users/michalkobylinski/Library/Mobile Documents/com~apple~CloudDocs/Projekty AI/Mieszkanie - Torrevieja/nobooking-landing/.superpowers/brainstorm/1789-1778067958/content/font-choice.html"}
{"type":"screen-added","file":"/Users/michalkobylinski/Library/Mobile Documents/com~apple~CloudDocs/Projekty AI/Mieszkanie - Torrevieja/nobooking-landing/.superpowers/brainstorm/1789-1778067958/content/accent-color.html"}
{"type":"screen-updated","file":"/Users/michalkobylinski/Library/Mobile Documents/com~apple~CloudDocs/Projekty AI/Mieszkanie - Torrevieja/nobooking-landing/.superpowers/brainstorm/1789-1778067958/content/accent-color.html"}
{"type":"screen-updated","file":"/Users/michalkobylinski/Library/Mobile Documents/com~apple~CloudDocs/Projekty AI/Mieszkanie - Torrevieja/nobooking-landing/.superpowers/brainstorm/1789-1778067958/content/accent-color.html"}
{"type":"screen-updated","file":"/Users/michalkobylinski/Library/Mobile Documents/com~apple~CloudDocs/Projekty AI/Mieszkanie - Torrevieja/nobooking-landing/.superpowers/brainstorm/1789-1778067958/content/accent-color.html"}
{"type":"screen-added","file":"/Users/michalkobylinski/Library/Mobile Documents/com~apple~CloudDocs/Projekty AI/Mieszkanie - Torrevieja/nobooking-landing/.superpowers/brainstorm/1789-1778067958/content/full-mockup.html"}
{"type":"screen-updated","file":"/Users/michalkobylinski/Library/Mobile Documents/com~apple~CloudDocs/Projekty AI/Mieszkanie - Torrevieja/nobooking-landing/.superpowers/brainstorm/1789-1778067958/content/full-mockup.html"}
{"type":"screen-updated","file":"/Users/michalkobylinski/Library/Mobile Documents/com~apple~CloudDocs/Projekty AI/Mieszkanie - Torrevieja/nobooking-landing/.superpowers/brainstorm/1789-1778067958/content/full-mockup.html"}
{"type":"screen-updated","file":"/Users/michalkobylinski/Library/Mobile Documents/com~apple~CloudDocs/Projekty AI/Mieszkanie - Torrevieja/nobooking-landing/.superpowers/brainstorm/1789-1778067958/content/full-mockup.html"}
{"type":"screen-added","file":"/Users/michalkobylinski/Library/Mobile Documents/com~apple~CloudDocs/Projekty AI/Mieszkanie - Torrevieja/nobooking-landing/.superpowers/brainstorm/1789-1778067958/content/hero-variants.html"}
{"type":"screen-updated","file":"/Users/michalkobylinski/Library/Mobile Documents/com~apple~CloudDocs/Projekty AI/Mieszkanie - Torrevieja/nobooking-landing/.superpowers/brainstorm/1789-1778067958/content/hero-variants.html"}
{"type":"screen-updated","file":"/Users/michalkobylinski/Library/Mobile Documents/com~apple~CloudDocs/Projekty AI/Mieszkanie - Torrevieja/nobooking-landing/.superpowers/brainstorm/1789-1778067958/content/hero-variants.html"}
{"type":"screen-updated","file":"/Users/michalkobylinski/Library/Mobile Documents/com~apple~CloudDocs/Projekty AI/Mieszkanie - Torrevieja/nobooking-landing/.superpowers/brainstorm/1789-1778067958/content/hero-variants.html"}
{"type":"screen-updated","file":"/Users/michalkobylinski/Library/Mobile Documents/com~apple~CloudDocs/Projekty AI/Mieszkanie - Torrevieja/nobooking-landing/.superpowers/brainstorm/1789-1778067958/content/hero-variants.html"}
{"type":"screen-added","file":"/Users/michalkobylinski/Library/Mobile Documents/com~apple~CloudDocs/Projekty AI/Mieszkanie - Torrevieja/nobooking-landing/.superpowers/brainstorm/1789-1778067958/content/waiting.html"}
{"type":"screen-updated","file":"/Users/michalkobylinski/Library/Mobile Documents/com~apple~CloudDocs/Projekty AI/Mieszkanie - Torrevieja/nobooking-landing/.superpowers/brainstorm/1789-1778067958/content/waiting.html"}
{"type":"screen-updated","file":"/Users/michalkobylinski/Library/Mobile Documents/com~apple~CloudDocs/Projekty AI/Mieszkanie - Torrevieja/nobooking-landing/.superpowers/brainstorm/1789-1778067958/content/waiting.html"}
{"type":"screen-updated","file":"/Users/michalkobylinski/Library/Mobile Documents/com~apple~CloudDocs/Projekty AI/Mieszkanie - Torrevieja/nobooking-landing/.superpowers/brainstorm/1789-1778067958/content/waiting.html"}
{"type":"screen-updated","file":"/Users/michalkobylinski/Library/Mobile Documents/com~apple~CloudDocs/Projekty AI/Mieszkanie - Torrevieja/nobooking-landing/.superpowers/brainstorm/1789-1778067958/content/waiting.html"}
{"type":"server-stopped","reason":"idle timeout"}
